<?xml version="1.0" encoding="UTF-8"?>
<testng-results ignored="0" total="1" passed="1" failed="0" skipped="0">
  <reporter-output>
  </reporter-output>
  <suite started-at="2023-05-04T21:21:30 IST" name="Suite" finished-at="2023-05-04T21:21:54 IST" duration-ms="24093">
    <groups>
    </groups>
    <test started-at="2023-05-04T21:21:30 IST" name="Test" finished-at="2023-05-04T21:21:54 IST" duration-ms="24093">
      <class name="com.day9.task5">
        <test-method is-config="true" signature="setup()[pri:0, instance:com.day9.task5@6cf0e0ba]" started-at="2023-05-04T21:21:30 IST" name="setup" finished-at="2023-05-04T21:21:40 IST" duration-ms="9906" status="PASS">
          <reporter-output>
          </reporter-output>
        </test-method> <!-- setup -->
        <test-method signature="f()[pri:0, instance:com.day9.task5@6cf0e0ba]" started-at="2023-05-04T21:21:40 IST" name="f" finished-at="2023-05-04T21:21:49 IST" duration-ms="9833" status="PASS">
          <reporter-output>
          </reporter-output>
        </test-method> <!-- f -->
        <test-method is-config="true" signature="teardown()[pri:0, instance:com.day9.task5@6cf0e0ba]" started-at="2023-05-04T21:21:49 IST" name="teardown" finished-at="2023-05-04T21:21:54 IST" duration-ms="4266" status="PASS">
          <reporter-output>
          </reporter-output>
        </test-method> <!-- teardown -->
      </class> <!-- com.day9.task5 -->
    </test> <!-- Test -->
  </suite> <!-- Suite -->
</testng-results>
